{"/Users/hio/Desktop/developer/todo/api/src/core/Database.js": {"path":"/Users/hio/Desktop/developer/todo/api/src/core/Database.js","statementMap":{"0":{"start":{"line":1,"column":38},"end":{"line":1,"column":71}},"1":{"start":{"line":2,"column":17},"end":{"line":2,"column":36}},"2":{"start":{"line":6,"column":8},"end":{"line":6,"column":31}},"3":{"start":{"line":10,"column":8},"end":{"line":14,"column":9}},"4":{"start":{"line":11,"column":12},"end":{"line":11,"column":102}},"5":{"start":{"line":13,"column":12},"end":{"line":13,"column":50}},"6":{"start":{"line":16,"column":8},"end":{"line":16,"column":31}},"7":{"start":{"line":20,"column":0},"end":{"line":20,"column":26}}},"fnMap":{"0":{"name":"(anonymous_0)","decl":{"start":{"line":5,"column":4},"end":{"line":5,"column":5}},"loc":{"start":{"line":5,"column":19},"end":{"line":7,"column":5}},"line":5},"1":{"name":"(anonymous_1)","decl":{"start":{"line":9,"column":4},"end":{"line":9,"column":5}},"loc":{"start":{"line":9,"column":15},"end":{"line":17,"column":5}},"line":9}},"branchMap":{"0":{"loc":{"start":{"line":10,"column":8},"end":{"line":14,"column":9}},"type":"if","locations":[{"start":{"line":10,"column":8},"end":{"line":14,"column":9}},{"start":{"line":10,"column":8},"end":{"line":14,"column":9}}],"line":10}},"s":{"0":1,"1":1,"2":3,"3":3,"4":2,"5":2,"6":3,"7":1},"f":{"0":3,"1":3},"b":{"0":[2,1]},"_coverageSchema":"43e27e138ebf9cfc5966b082cf9a028302ed4184","hash":"1b3c3afe75efa40ab9f3da9ab679c99b77fef66d"}
,"/Users/hio/Desktop/developer/todo/api/src/enums/DatabaseEnums.js": {"path":"/Users/hio/Desktop/developer/todo/api/src/enums/DatabaseEnums.js","statementMap":{"0":{"start":{"line":1,"column":0},"end":{"line":5,"column":2}}},"fnMap":{},"branchMap":{},"s":{"0":1},"f":{},"b":{},"_coverageSchema":"43e27e138ebf9cfc5966b082cf9a028302ed4184","hash":"ee9bd482695d00fb62414c654d78d7d4b4215b50"}
}
